

*******************************************************************************
Mon Sep 25 20:50:26 2017


FIT:    data read from 'mejorcaso.dat'
        format = z
        #datapoints = 300
        residuals are weighted equally (unit weight)

function used for fitting: f(x)
	f(x) = a * x * x
BREAK: Need via and either parameter list or file

*******************************************************************************
Mon Sep 25 20:50:39 2017


FIT:    data read from 'mejorcaso.dat'
        format = z
        #datapoints = 300
        residuals are weighted equally (unit weight)

function used for fitting: f(x)
	f(x) = a * x * x
BREAK: Need via and either parameter list or file

*******************************************************************************
Mon Sep 25 20:57:04 2017


FIT:    data read from 'mejorcaso.dat'
        format = z
        #datapoints = 300
        residuals are weighted equally (unit weight)

function used for fitting: f(x)
	f(x) = a * x * x
fitted parameters initialized with current variable values

iter      chisq       delta/lim  lambda   a            
   0 4.9005899888e+19   0.00e+00  4.04e+08    1.000000e+00
   4 1.9088591308e-01  -3.50e-02  4.04e+04    1.129939e-09

After 4 iterations the fit converged.
final sum of squares of residuals : 0.190886
rel. change during last iteration : -3.49806e-07

degrees of freedom    (FIT_NDF)                        : 299
rms of residuals      (FIT_STDFIT) = sqrt(WSSR/ndf)    : 0.0252669
variance of residuals (reduced chisquare) = WSSR/ndf   : 0.000638414

Final set of parameters            Asymptotic Standard Error
=======================            ==========================
a               = 1.12994e-09      +/- 3.609e-12    (0.3194%)


*******************************************************************************
Mon Sep 25 20:57:21 2017


FIT:    data read from 'peorcaso.dat'
        format = z
        #datapoints = 300
        residuals are weighted equally (unit weight)

function used for fitting: g(x)
	g(x) = a * x * x
fitted parameters initialized with current variable values

iter      chisq       delta/lim  lambda   a            
   0 7.1523206782e+01   0.00e+00  4.57e-01    1.129939e-09
   3 3.3147613522e-01  -2.63e-07  4.57e-04    2.335226e-09

After 3 iterations the fit converged.
final sum of squares of residuals : 0.331476
rel. change during last iteration : -2.63391e-12

degrees of freedom    (FIT_NDF)                        : 299
rms of residuals      (FIT_STDFIT) = sqrt(WSSR/ndf)    : 0.0332959
variance of residuals (reduced chisquare) = WSSR/ndf   : 0.00110862

Final set of parameters            Asymptotic Standard Error
=======================            ==========================
a               = 2.33523e-09      +/- 4.756e-12    (0.2037%)


*******************************************************************************
Mon Sep 25 20:57:49 2017


FIT:    data read from 'tiempos_ordenacion.dat'
        format = z
        #datapoints = 300
        residuals are weighted equally (unit weight)

function used for fitting: h(x)
	h(x) = a * x * x
fitted parameters initialized with current variable values

iter      chisq       delta/lim  lambda   a            
   0 7.4521879051e+00   0.00e+00  9.44e-01    2.335226e-09
   3 2.5749096613e-01  -3.42e-08  9.44e-04    2.718388e-09

After 3 iterations the fit converged.
final sum of squares of residuals : 0.257491
rel. change during last iteration : -3.42133e-13

degrees of freedom    (FIT_NDF)                        : 299
rms of residuals      (FIT_STDFIT) = sqrt(WSSR/ndf)    : 0.0293458
variance of residuals (reduced chisquare) = WSSR/ndf   : 0.000861174

Final set of parameters            Asymptotic Standard Error
=======================            ==========================
a               = 2.71839e-09      +/- 4.192e-12    (0.1542%)
