

*******************************************************************************
Mon Sep 25 20:05:52 2017


FIT:    data read from 'tiempos_desc.dat'
        format = z
        #datapoints = 5090
        residuals are weighted equally (unit weight)

function used for fitting: f(x)
	f(x) = a * x * x + b* log(x)
fitted parameters initialized with current variable values

iter      chisq       delta/lim  lambda   a             b            
   0 6.8364743812e+25   0.00e+00  8.19e+10    1.000000e+00   1.000000e+00
   4 2.9146557904e+05  -8.68e-06  8.19e+06   -8.235704e-11   1.000000e+00

After 4 iterations the fit converged.
final sum of squares of residuals : 291466
rel. change during last iteration : -8.68151e-11

degrees of freedom    (FIT_NDF)                        : 5088
rms of residuals      (FIT_STDFIT) = sqrt(WSSR/ndf)    : 7.56868
variance of residuals (reduced chisquare) = WSSR/ndf   : 57.2849

Final set of parameters            Asymptotic Standard Error
=======================            ==========================
a               = -8.2357e-11      +/- 1.474e-12    (1.789%)
b               = 1                +/- 0.01402      (1.402%)

correlation matrix of the fit parameters:
                a      b      
a               1.000 
b              -0.784  1.000 


*******************************************************************************
Mon Sep 25 20:07:53 2017


FIT:    data read from 'tiempos_desc.dat'
        format = z
        #datapoints = 5090
        residuals are weighted equally (unit weight)

function used for fitting: f(x)
	f(x) = a * x * log (x)
fitted parameters initialized with current variable values

iter      chisq       delta/lim  lambda   a            
   0 2.1536642874e-02   0.00e+00  3.10e-04   -8.235704e-11
   2 6.7742620858e-04  -1.19e-01  3.10e-06    4.552632e-10

After 2 iterations the fit converged.
final sum of squares of residuals : 0.000677426
rel. change during last iteration : -1.18804e-06

degrees of freedom    (FIT_NDF)                        : 5089
rms of residuals      (FIT_STDFIT) = sqrt(WSSR/ndf)    : 0.00036485
variance of residuals (reduced chisquare) = WSSR/ndf   : 1.33116e-07

Final set of parameters            Asymptotic Standard Error
=======================            ==========================
a               = 4.55263e-10      +/- 1.358e-12    (0.2983%)
